<?xml version="1.0" encoding="UTF-8"?>
<!-- Generated by org.testng.reporters.JUnitXMLReporter -->
<testsuite ignored="0" hostname="Heller-ROG-xFlow" failures="0" tests="2" name="Default test" time="5.109" errors="0" timestamp="2024-01-27T23:34:55 IST">
  <testcase classname="io.cucumber.testng.AbstractTestNGCucumberTests" name="runScenario" time="4.737"/>
  <testcase classname="io.cucumber.testng.AbstractTestNGCucumberTests" name="runScenario" time="4.901"/>
</testsuite> <!-- Default test -->
